<?xml version="1.0" encoding="UTF-8"?>
<!-- Generated by org.testng.reporters.JUnitXMLReporter -->
<testsuite hostname="DESKTOP-49BK4I2" ignored="0" name="Command line test" tests="14" failures="0" timestamp="26 八月 2019 14:13:55 GMT" time="0.055" errors="0">
  <testcase name="g1" time="0.002" classname="com.code.testng.Test1"/>
  <testcase name="f1" time="0.0" classname="com.code.testng.Test2"/>
  <testcase name="f2" time="0.0" classname="com.code.testng.Test2"/>
  <testcase name="f1" time="0.0" classname="com.code.testng.Test4"/>
  <testcase name="f2" time="0.001" classname="com.code.testng.Test4"/>
  <testcase name="f3" time="0.0" classname="com.code.testng.Test4"/>
  <testcase name="login" time="0.0" classname="com.code.testng.Test5"/>
  <testcase name="login" time="0.0" classname="com.code.testng.Test5"/>
  <testcase name="f1" time="0.0" classname="com.code.testng.Test1"/>
  <testcase name="f2" time="0.001" classname="com.code.testng.Test1"/>
  <testcase name="f4" time="0.0" classname="com.code.testng.Test4"/>
  <testcase name="f1" time="0.001" classname="com.code.testng.Test3"/>
  <testcase name="f3" time="0.001" classname="com.code.testng.Test3"/>
  <testcase name="f2" time="0.0" classname="com.code.testng.Test3"/>
</testsuite> <!-- Command line test -->
